0 info it worked if it ends with ok
1 verbose cli [ '/usr/bin/nodejs', '/usr/bin/npm', 'install', 'app.js' ]
2 info using npm@3.5.2
3 info using node@v4.2.6
4 silly loadCurrentTree Starting
5 silly install loadCurrentTree
6 silly install readLocalPackageData
7 silly fetchPackageMetaData app.js
8 silly fetchOtherPackageData app.js
9 silly cache add args [ 'app.js', null ]
10 verbose cache add spec app.js
11 silly cache add parsed spec Result {
11 silly cache add   raw: 'app.js',
11 silly cache add   scope: null,
11 silly cache add   name: null,
11 silly cache add   rawSpec: 'app.js',
11 silly cache add   spec: '/home/joy/systemdesign/app.js',
11 silly cache add   type: 'local' }
12 silly addLocalTarball shasum (computed) 922e12a16fd735547f7f88f2da60d1ea55829706
13 verbose addTmpTarball /home/joy/systemdesign/app.js not in flight; adding
14 verbose addTmpTarball validating metadata from /home/joy/systemdesign/app.js
15 verbose tar unpack /home/joy/systemdesign/app.js
16 verbose tar unpacking to /tmp/npm-3788-2d1ab2d6/unpack-91b118c1
17 silly gentlyRm /tmp/npm-3788-2d1ab2d6/unpack-91b118c1 is being purged
18 verbose gentlyRm don't care about contents; nuking /tmp/npm-3788-2d1ab2d6/unpack-91b118c1
19 silly gunzTarPerm modes [ '775', '664' ]
20 error not a package /home/joy/systemdesign/app.js
21 error addLocal Could not install /home/joy/systemdesign/app.js
22 silly fetchPackageMetaData Error: ENOENT: no such file or directory, open '/tmp/npm-3788-2d1ab2d6/unpack-91b118c1/package.json'
22 silly fetchPackageMetaData     at Error (native)
22 silly fetchPackageMetaData  error for app.js { [Error: ENOENT: no such file or directory, open '/tmp/npm-3788-2d1ab2d6/unpack-91b118c1/package.json']
22 silly fetchPackageMetaData   errno: -2,
22 silly fetchPackageMetaData   code: 'ENOENT',
22 silly fetchPackageMetaData   syscall: 'open',
22 silly fetchPackageMetaData   path: '/tmp/npm-3788-2d1ab2d6/unpack-91b118c1/package.json' }
23 silly rollbackFailedOptional Starting
24 silly rollbackFailedOptional Finishing
25 silly runTopLevelLifecycles Starting
26 silly runTopLevelLifecycles Finishing
27 silly install printInstalled
28 verbose stack Error: ENOENT: no such file or directory, open '/tmp/npm-3788-2d1ab2d6/unpack-91b118c1/package.json'
28 verbose stack     at Error (native)
29 verbose cwd /home/joy/systemdesign
30 error Linux 4.13.0-32-generic
31 error argv "/usr/bin/nodejs" "/usr/bin/npm" "install" "app.js"
32 error node v4.2.6
33 error npm  v3.5.2
34 error path /tmp/npm-3788-2d1ab2d6/unpack-91b118c1/package.json
35 error code ENOENT
36 error errno -2
37 error syscall open
38 error enoent ENOENT: no such file or directory, open '/tmp/npm-3788-2d1ab2d6/unpack-91b118c1/package.json'
39 error enoent ENOENT: no such file or directory, open '/tmp/npm-3788-2d1ab2d6/unpack-91b118c1/package.json'
39 error enoent This is most likely not a problem with npm itself
39 error enoent and is related to npm not being able to find a file.
40 verbose exit [ -2, true ]
